error: Unable to start server: Access denied for user ''@'localhost' (using password: NO) {"name":"SequelizeAccessDeniedError","original":{"code":"ER_ACCESS_DENIED_ERROR","errno":1045,"sqlMessage":"Access denied for user ''@'localhost' (using password: NO)","sqlState":"28000"},"parent":{"code":"ER_ACCESS_DENIED_ERROR","errno":1045,"sqlMessage":"Access denied for user ''@'localhost' (using password: NO)","sqlState":"28000"},"stack":"SequelizeAccessDeniedError: Access denied for user ''@'localhost' (using password: NO)\n    at ConnectionManager.connect (D:\\Mountblue Learning\\task-manager\\node_modules\\.pnpm\\sequelize@6.37.7_mysql2@3.15.1\\node_modules\\sequelize\\lib\\dialects\\mysql\\connection-manager.js:94:17)\n    at process.processTicksAndRejections (node:internal/process/task_queues:105:5)\n    at async ConnectionManager._connect (D:\\Mountblue Learning\\task-manager\\node_modules\\.pnpm\\sequelize@6.37.7_mysql2@3.15.1\\node_modules\\sequelize\\lib\\dialects\\abstract\\connection-manager.js:222:24)\n    at async D:\\Mountblue Learning\\task-manager\\node_modules\\.pnpm\\sequelize@6.37.7_mysql2@3.15.1\\node_modules\\sequelize\\lib\\dialects\\abstract\\connection-manager.js:174:32\n    at async ConnectionManager.getConnection (D:\\Mountblue Learning\\task-manager\\node_modules\\.pnpm\\sequelize@6.37.7_mysql2@3.15.1\\node_modules\\sequelize\\lib\\dialects\\abstract\\connection-manager.js:197:7)\n    at async D:\\Mountblue Learning\\task-manager\\node_modules\\.pnpm\\sequelize@6.37.7_mysql2@3.15.1\\node_modules\\sequelize\\lib\\sequelize.js:305:26\n    at async Sequelize.authenticate (D:\\Mountblue Learning\\task-manager\\node_modules\\.pnpm\\sequelize@6.37.7_mysql2@3.15.1\\node_modules\\sequelize\\lib\\sequelize.js:457:5)\n    at async connectDB (file:///D:/Mountblue%20Learning/task-manager/connections/sequelize/mySql.connection.js:15:5)\n    at async startServer (file:///D:/Mountblue%20Learning/task-manager/server.js:46:5)"}
error: Unable to start server: Access denied for user ''@'localhost' (using password: NO) {"name":"SequelizeAccessDeniedError","original":{"code":"ER_ACCESS_DENIED_ERROR","errno":1045,"sqlMessage":"Access denied for user ''@'localhost' (using password: NO)","sqlState":"28000"},"parent":{"code":"ER_ACCESS_DENIED_ERROR","errno":1045,"sqlMessage":"Access denied for user ''@'localhost' (using password: NO)","sqlState":"28000"},"stack":"SequelizeAccessDeniedError: Access denied for user ''@'localhost' (using password: NO)\n    at ConnectionManager.connect (D:\\Mountblue Learning\\task-manager\\node_modules\\.pnpm\\sequelize@6.37.7_mysql2@3.15.1\\node_modules\\sequelize\\lib\\dialects\\mysql\\connection-manager.js:94:17)\n    at process.processTicksAndRejections (node:internal/process/task_queues:105:5)\n    at async ConnectionManager._connect (D:\\Mountblue Learning\\task-manager\\node_modules\\.pnpm\\sequelize@6.37.7_mysql2@3.15.1\\node_modules\\sequelize\\lib\\dialects\\abstract\\connection-manager.js:222:24)\n    at async D:\\Mountblue Learning\\task-manager\\node_modules\\.pnpm\\sequelize@6.37.7_mysql2@3.15.1\\node_modules\\sequelize\\lib\\dialects\\abstract\\connection-manager.js:174:32\n    at async ConnectionManager.getConnection (D:\\Mountblue Learning\\task-manager\\node_modules\\.pnpm\\sequelize@6.37.7_mysql2@3.15.1\\node_modules\\sequelize\\lib\\dialects\\abstract\\connection-manager.js:197:7)\n    at async D:\\Mountblue Learning\\task-manager\\node_modules\\.pnpm\\sequelize@6.37.7_mysql2@3.15.1\\node_modules\\sequelize\\lib\\sequelize.js:305:26\n    at async Sequelize.authenticate (D:\\Mountblue Learning\\task-manager\\node_modules\\.pnpm\\sequelize@6.37.7_mysql2@3.15.1\\node_modules\\sequelize\\lib\\sequelize.js:457:5)\n    at async connectDB (file:///D:/Mountblue%20Learning/task-manager/connections/sequelize/mySql.connection.js:15:5)\n    at async startServer (file:///D:/Mountblue%20Learning/task-manager/server.js:46:5)"}
error: Unable to start server: Access denied for user ''@'localhost' (using password: NO) {"name":"SequelizeAccessDeniedError","original":{"code":"ER_ACCESS_DENIED_ERROR","errno":1045,"sqlMessage":"Access denied for user ''@'localhost' (using password: NO)","sqlState":"28000"},"parent":{"code":"ER_ACCESS_DENIED_ERROR","errno":1045,"sqlMessage":"Access denied for user ''@'localhost' (using password: NO)","sqlState":"28000"},"stack":"SequelizeAccessDeniedError: Access denied for user ''@'localhost' (using password: NO)\n    at ConnectionManager.connect (D:\\Mountblue Learning\\task-manager\\node_modules\\.pnpm\\sequelize@6.37.7_mysql2@3.15.1\\node_modules\\sequelize\\lib\\dialects\\mysql\\connection-manager.js:94:17)\n    at process.processTicksAndRejections (node:internal/process/task_queues:105:5)\n    at async ConnectionManager._connect (D:\\Mountblue Learning\\task-manager\\node_modules\\.pnpm\\sequelize@6.37.7_mysql2@3.15.1\\node_modules\\sequelize\\lib\\dialects\\abstract\\connection-manager.js:222:24)\n    at async D:\\Mountblue Learning\\task-manager\\node_modules\\.pnpm\\sequelize@6.37.7_mysql2@3.15.1\\node_modules\\sequelize\\lib\\dialects\\abstract\\connection-manager.js:174:32\n    at async ConnectionManager.getConnection (D:\\Mountblue Learning\\task-manager\\node_modules\\.pnpm\\sequelize@6.37.7_mysql2@3.15.1\\node_modules\\sequelize\\lib\\dialects\\abstract\\connection-manager.js:197:7)\n    at async D:\\Mountblue Learning\\task-manager\\node_modules\\.pnpm\\sequelize@6.37.7_mysql2@3.15.1\\node_modules\\sequelize\\lib\\sequelize.js:305:26\n    at async Sequelize.authenticate (D:\\Mountblue Learning\\task-manager\\node_modules\\.pnpm\\sequelize@6.37.7_mysql2@3.15.1\\node_modules\\sequelize\\lib\\sequelize.js:457:5)\n    at async connectDB (file:///D:/Mountblue%20Learning/task-manager/connections/sequelize/mySql.connection.js:15:5)\n    at async startServer (file:///D:/Mountblue%20Learning/task-manager/server.js:46:5)"}
info: Server running on port 8080
error: Unable to start server: logger is not defined {"stack":"ReferenceError: logger is not defined\n    at connectDB (file:///D:/Mountblue%20Learning/task-manager/connections/sequelize/mySql.connection.js:22:5)\n    at process.processTicksAndRejections (node:internal/process/task_queues:105:5)\n    at async startServer (file:///D:/Mountblue%20Learning/task-manager/server.js:46:5)"}
error: Unable to start server: logger is not defined {"stack":"ReferenceError: logger is not defined\n    at connectDB (file:///D:/Mountblue%20Learning/task-manager/connections/sequelize/mySql.connection.js:22:5)\n    at process.processTicksAndRejections (node:internal/process/task_queues:105:5)\n    at async startServer (file:///D:/Mountblue%20Learning/task-manager/server.js:46:5)"}
error: Unable to start server: logge is not defined {"stack":"ReferenceError: logge is not defined\n    at connectDB (file:///D:/Mountblue%20Learning/task-manager/connections/sequelize/mySql.connection.js:22:5)\n    at process.processTicksAndRejections (node:internal/process/task_queues:105:5)\n    at async startServer (file:///D:/Mountblue%20Learning/task-manager/server.js:46:5)"}
info: Database connection established
info: Database synced
info: Server running on port 8080
info: Database connection established
info: Database synced
info: Server running on port 8080
info: Database connection established
info: Database synced
info: Server running on port 8080
info: Database connection established
info: Database synced
info: Server running on port 8080
info: Database connection established
info: Database synced
info: Server running on port 8080
info: Database connection established
info: Database synced
info: Server running on port 8080
info: Database connection established
info: Database synced
info: Server running on port 8080
info: Database connection established
info: Database synced
info: Server running on port 8080
info: Database connection established
info: Database synced
info: Server running on port 8080
info: Database connection established
info: Database synced
info: Server running on port 8080
info: Database connection established
info: Database synced
info: Server running on port 8080
info: Database connection established
info: Database synced
info: Server running on port 8080
info: Database connection established
info: Database synced
info: Server running on port 8080
info: Database connection established
info: Database synced
info: Server running on port 8080
info: Database connection established
info: Database synced
info: Server running on port 8080
info: Database connection established
info: Database synced
info: Server running on port 8080
info: Database connection established
info: Database synced
info: Server running on port 8080
info: Database connection established
info: Database synced
info: Server running on port 8080
info: Database connection established
info: Database synced
info: Server running on port 8080
info: Database connection established
info: Database synced
info: Server running on port 8080
info: Database connection established
info: Database synced
info: Server running on port 8080
info: Database connection established
info: Database synced
info: Server running on port 8080
info: Database connection established
info: Database synced
info: Server running on port 8080
info: Database connection established
info: Database synced
info: Server running on port 8080
info: Database connection established
info: Database synced
info: Server running on port 8080
info: Database connection established
info: Database synced
info: Server running on port 8080
info: Database connection established
info: Database synced
info: Server running on port 8080
info: Database connection established
info: Database synced
info: Server running on port 8080
info: Database connection established
info: Database synced
info: Server running on port 8080
info: Database connection established
info: Database synced
info: Server running on port 8080
info: Database connection established
info: Database synced
info: Server running on port 8080
info: Database connection established
info: Database synced
info: Server running on port 8080
info: Database connection established
info: Database synced
info: Server running on port 8080
info: Database connection established
info: Database synced
info: Server running on port 8080
info: Database connection established
info: Database synced
info: Server running on port 8080
info: Database connection established
info: Database synced
info: Server running on port 8080
info: Database connection established
info: Database synced
info: Server running on port 8080
info: Database connection established
info: Database synced
info: Server running on port 8080
info: Database connection established
info: Database synced
info: Server running on port 8080
info: Database connection established
info: Database synced
info: Server running on port 8080
info: Database connection established
info: Database synced
info: Server running on port 8080
info: Database connection established
info: Database synced
info: Server running on port 8080
info: Database connection established
info: Database synced
info: Server running on port 8080
info: Database connection established
info: Database synced
info: Server running on port 8080
info: Database connection established
info: Database synced
info: Server running on port 8080
info: Database connection established
info: Database synced
info: Server running on port 8080
info: Database connection established
info: Database synced
info: Server running on port 8080
info: Database connection established
info: Database synced
info: Server running on port 8080
info: Database connection established
info: Database synced
info: Server running on port 8080
info: Database connection established
info: Database synced
info: Server running on port 8080
info: Database connection established
info: Database synced
info: Server running on port 8080
info: Database connection established
info: Database synced
info: Server running on port 8080
info: Database connection established
info: Database synced
info: Server running on port 8080
info: Database connection established
info: Database synced
info: Server running on port 8080
info: Database connection established
info: Database synced
info: Server running on port 8080
info: Database connection established
info: Database synced
info: Server running on port 8080
info: Database connection established
info: Database synced
info: Server running on port 8080
info: Database connection established
info: Database synced
info: Server running on port 8080
info: Database connection established
info: Database synced
info: Server running on port 8080
info: Database connection established
info: Database synced
info: Server running on port 8080
info: Database connection established
info: Database synced
info: Server running on port 8080
info: Database connection established
info: Database synced
info: Server running on port 8080
info: Database connection established
info: Database synced
info: Server running on port 8080
info: Database connection established
info: Database synced
info: Server running on port 8080
info: Database connection established
info: Database synced
info: Server running on port 8080
info: Database connection established
info: Database synced
info: Server running on port 8080
info: Database connection established
info: Database synced
info: Server running on port 8080
info: Database connection established
info: Database synced
info: Server running on port 8080
info: Database connection established
info: Database synced
info: Server running on port 8080
info: Database connection established
info: Database synced
info: Server running on port 8080
info: Database connection established
info: Database synced
info: Server running on port 8080
info: Database connection established
info: Database synced
info: Server running on port 8080
info: Database connection established
info: Database synced
info: Server running on port 8080
info: Database connection established
info: Database synced
info: Server running on port 8080
info: Database connection established
info: Database synced
info: Server running on port 8080
info: Database connection established
info: Database synced
info: Server running on port 8080
info: Database connection established
info: Database synced
info: Server running on port 8080
info: Database connection established
info: Database synced
info: Server running on port 8080
info: Database connection established
info: Database synced
info: Server running on port 8080
info: Database connection established
info: Database synced
info: Server running on port 8080
info: Database connection established
info: Database synced
info: Server running on port 8080
info: Database connection established
info: Database synced
info: Server running on port 8080
info: Database connection established
info: Database synced
info: Server running on port 8080
info: Database connection established
info: Database synced
info: Server running on port 8080
info: Database connection established
info: Database synced
info: Server running on port 8080
info: Database connection established
info: Database synced
info: Server running on port 8080
info: Database connection established
info: Database synced
info: Server running on port 8080
info: Database connection established
info: Database synced
info: Server running on port 8080
info: Database connection established
info: Database synced
info: Server running on port 8080
info: Database connection established
info: Database synced
info: Server running on port 8080
info: Database connection established
info: Database synced
info: Server running on port 8080
info: Database connection established
info: Database synced
info: Server running on port 8080
info: Database connection established
info: Database synced
info: Server running on port 8080
info: Database connection established
info: Database synced
info: Server running on port 8080
info: Database connection established
info: Database synced
info: Server running on port 8080
info: Database connection established
info: Database synced
info: Server running on port 8080
info: Database connection established
info: Database synced
info: Server running on port 8080
info: Database connection established
info: Database synced
info: Server running on port 8080
info: Database connection established
info: Database synced
info: Server running on port 8080
info: Database connection established
info: Database synced
info: Server running on port 8080
info: Database connection established
info: Database synced
info: Server running on port 8080
info: Database connection established
info: Database synced
info: Server running on port 8080
info: Database connection established
info: Database synced
info: Server running on port 8080
info: Database connection established
info: Database synced
info: Server running on port 8080
info: Database connection established
info: Database synced
info: Server running on port 8080
info: Database connection established
info: Database synced
info: Server running on port 8080
info: Database connection established
info: Database synced
info: Server running on port 8080
info: Database connection established
info: Database synced
info: Server running on port 8080
info: Database connection established
info: Database synced
info: Server running on port 8080
info: Database connection established
info: Database synced
info: Server running on port 8080
info: Database connection established
info: Database synced
info: Server running on port 8080
info: Database connection established
info: Database synced
info: Server running on port 8080
info: Database connection established
info: Database synced
info: Server running on port 8080
info: Database connection established
info: Database synced
info: Server running on port 8080
info: Database connection established
info: Database synced
info: Server running on port 8080
info: Database connection established
info: Database synced
info: Server running on port 8080
info: Database connection established
info: Database synced
info: Server running on port 8080
info: Database connection established
info: Database synced
info: Server running on port 8080
info: Database connection established
info: Database synced
info: Server running on port 8080
info: Database connection established
info: Database synced
info: Server running on port 8080
info: Database connection established
info: Database synced
info: Server running on port 8080
info: Database connection established
info: Database synced
info: Server running on port 8080
info: Database connection established
info: Database synced
info: Server running on port 8080
info: Database connection established
info: Database synced
info: Server running on port 8080
info: Database connection established
info: Database synced
info: Server running on port 8080
info: Database connection established
info: Database synced
info: Server running on port 8080
info: Database connection established
info: Database synced
info: Server running on port 8080
info: Database connection established
info: Database synced
info: Server running on port 8080
info: Database connection established
info: Database synced
info: Server running on port 8080
info: Database connection established
info: Database synced
info: Server running on port 8080
info: Database connection established
info: Database synced
info: Server running on port 8080
info: Database connection established
info: Database synced
info: Server running on port 8080
info: Database connection established
info: Database synced
info: Server running on port 8080
info: Database connection established
info: Database synced
info: Server running on port 8080
info: Database connection established
info: Database synced
info: Server running on port 8080
info: Database connection established
info: Database synced
info: Server running on port 8080
info: Database connection established
info: Database synced
info: Server running on port 8080
info: Database connection established
info: Database synced
info: Server running on port 8080
info: Database connection established
info: Database synced
info: Server running on port 8080
info: Database connection established
info: Database synced
info: Server running on port 8080
info: Database connection established
info: Database synced
info: Server running on port 8080
info: Database connection established
info: Database synced
info: Server running on port 8080
info: Database connection established
info: Database synced
info: Server running on port 8080
info: Database connection established
info: Database synced
info: Server running on port 8080
info: Database connection established
info: Database synced
info: Server running on port 8080
info: Database connection established
info: Database synced
info: Server running on port 8080
info: Database connection established
info: Database synced
info: Server running on port 8080
info: Database connection established
info: Database synced
info: Server running on port 8080
info: Database connection established
info: Database synced
info: Server running on port 8080
info: Database connection established
info: Database synced
info: Server running on port 8080
info: Database connection established
info: Database synced
info: Server running on port 8080
info: Database connection established
info: Database synced
info: Server running on port 8080
info: Database connection established
info: Database synced
info: Server running on port 8080
info: New user created with email: 
info: Successfully logged in with email: 
info: User logged out successfully
error: No tasks found
error: Oops error occured:  No task found {"StatusCode":404,"stack":"Error: No task found\n    at getTasks (file:///D:/Mountblue%20Learning/task-manager/controllers/task.controller.js:84:19)\n    at process.processTicksAndRejections (node:internal/process/task_queues:105:5)"}
info: Database connection established
info: Database synced
info: Server running on port 8080
info: Database connection established
info: Database synced
info: Server running on port 8080
info: Database connection established
info: Database synced
info: Server running on port 8080
error: No tasks found
error: Oops error occured:  No task found {"StatusCode":404,"stack":"Error: No task found\n    at getTasks (file:///D:/Mountblue%20Learning/task-manager/controllers/task.controller.js:84:19)\n    at process.processTicksAndRejections (node:internal/process/task_queues:105:5)"}
info: Database connection established
info: Database synced
info: Server running on port 8080
error: No tasks found
error: Oops error occured:  No task found {"StatusCode":404,"stack":"Error: No task found\n    at getTasks (file:///D:/Mountblue%20Learning/task-manager/controllers/task.controller.js:84:19)\n    at process.processTicksAndRejections (node:internal/process/task_queues:105:5)"}
info: Database connection established
info: Database synced
info: Server running on port 8080
error: No tasks found
error: Oops error occured:  No task found {"StatusCode":404,"stack":"Error: No task found\n    at getTasks (file:///D:/Mountblue%20Learning/task-manager/controllers/task.controller.js:84:19)\n    at process.processTicksAndRejections (node:internal/process/task_queues:105:5)"}
info: Database connection established
info: Database synced
info: Server running on port 8080
error: No tasks found
error: Oops error occured:  No task found {"StatusCode":404,"stack":"Error: No task found\n    at getTasks (file:///D:/Mountblue%20Learning/task-manager/controllers/task.controller.js:84:19)\n    at process.processTicksAndRejections (node:internal/process/task_queues:105:5)"}
error: Title, priority, and dueDate are required.
error: Oops error occured:  Title, priority, and dueDate are required. {"StatusCode":400,"stack":"Error: Title, priority, and dueDate are required.\n    at createTask (file:///D:/Mountblue%20Learning/task-manager/controllers/task.controller.js:16:19)\n    at Layer.handleRequest (D:\\Mountblue Learning\\task-manager\\node_modules\\.pnpm\\router@2.2.0\\node_modules\\router\\lib\\layer.js:152:17)\n    at next (D:\\Mountblue Learning\\task-manager\\node_modules\\.pnpm\\router@2.2.0\\node_modules\\router\\lib\\route.js:157:13)\n    at authenticate (file:///D:/Mountblue%20Learning/task-manager/middlewares/auth.middleware.js:17:5)\n    at Layer.handleRequest (D:\\Mountblue Learning\\task-manager\\node_modules\\.pnpm\\router@2.2.0\\node_modules\\router\\lib\\layer.js:152:17)\n    at next (D:\\Mountblue Learning\\task-manager\\node_modules\\.pnpm\\router@2.2.0\\node_modules\\router\\lib\\route.js:157:13)\n    at Route.dispatch (D:\\Mountblue Learning\\task-manager\\node_modules\\.pnpm\\router@2.2.0\\node_modules\\router\\lib\\route.js:117:3)\n    at handle (D:\\Mountblue Learning\\task-manager\\node_modules\\.pnpm\\router@2.2.0\\node_modules\\router\\index.js:435:11)\n    at Layer.handleRequest (D:\\Mountblue Learning\\task-manager\\node_modules\\.pnpm\\router@2.2.0\\node_modules\\router\\lib\\layer.js:152:17)\n    at D:\\Mountblue Learning\\task-manager\\node_modules\\.pnpm\\router@2.2.0\\node_modules\\router\\index.js:295:15"}
error: Title, priority, and dueDate are required.
error: Oops error occured:  Title, priority, and dueDate are required. {"StatusCode":400,"stack":"Error: Title, priority, and dueDate are required.\n    at createTask (file:///D:/Mountblue%20Learning/task-manager/controllers/task.controller.js:16:19)\n    at Layer.handleRequest (D:\\Mountblue Learning\\task-manager\\node_modules\\.pnpm\\router@2.2.0\\node_modules\\router\\lib\\layer.js:152:17)\n    at next (D:\\Mountblue Learning\\task-manager\\node_modules\\.pnpm\\router@2.2.0\\node_modules\\router\\lib\\route.js:157:13)\n    at authenticate (file:///D:/Mountblue%20Learning/task-manager/middlewares/auth.middleware.js:17:5)\n    at Layer.handleRequest (D:\\Mountblue Learning\\task-manager\\node_modules\\.pnpm\\router@2.2.0\\node_modules\\router\\lib\\layer.js:152:17)\n    at next (D:\\Mountblue Learning\\task-manager\\node_modules\\.pnpm\\router@2.2.0\\node_modules\\router\\lib\\route.js:157:13)\n    at Route.dispatch (D:\\Mountblue Learning\\task-manager\\node_modules\\.pnpm\\router@2.2.0\\node_modules\\router\\lib\\route.js:117:3)\n    at handle (D:\\Mountblue Learning\\task-manager\\node_modules\\.pnpm\\router@2.2.0\\node_modules\\router\\index.js:435:11)\n    at Layer.handleRequest (D:\\Mountblue Learning\\task-manager\\node_modules\\.pnpm\\router@2.2.0\\node_modules\\router\\lib\\layer.js:152:17)\n    at D:\\Mountblue Learning\\task-manager\\node_modules\\.pnpm\\router@2.2.0\\node_modules\\router\\index.js:295:15"}
info: Task created with ID: 17 for User ID: 16
info: Tasks fetched successfully
info: Tasks fetched successfully
info: Task created with ID: 18 for User ID: 16
info: Tasks fetched successfully
info: Tasks fetched successfully
info: Tasks fetched successfully
info: Tasks fetched successfully
info: Tasks fetched successfully
info: Tasks fetched successfully
info: Tasks fetched successfully
info: Database connection established
info: Database synced
info: Server running on port 8080
info: Tasks fetched successfully
info: Task deleted with ID: 
info: Task created with ID: 19 for User ID: 16
info: Task created with ID: 20 for User ID: 16
info: Task created with ID: 21 for User ID: 16
info: Task created with ID: 22 for User ID: 16
info: Tasks fetched successfully
error: Oops error occured:  Unknown column 'tasks.dueDate`"TITLE ASC"' in 'order clause' {"name":"SequelizeDatabaseError","original":{"code":"ER_BAD_FIELD_ERROR","errno":1054,"sql":"SELECT `id`, `title`, `description`, `priority`, `dueDate`, `status`, `created_at`, `updated_at`, `userId` FROM `tasks` AS `tasks` WHERE `tasks`.`userId` = 16 ORDER BY `tasks`.`dueDate``\"TITLE ASC\"`;","sqlMessage":"Unknown column 'tasks.dueDate`\"TITLE ASC\"' in 'order clause'","sqlState":"42S22"},"parameters":{},"parent":{"code":"ER_BAD_FIELD_ERROR","errno":1054,"sql":"SELECT `id`, `title`, `description`, `priority`, `dueDate`, `status`, `created_at`, `updated_at`, `userId` FROM `tasks` AS `tasks` WHERE `tasks`.`userId` = 16 ORDER BY `tasks`.`dueDate``\"TITLE ASC\"`;","sqlMessage":"Unknown column 'tasks.dueDate`\"TITLE ASC\"' in 'order clause'","sqlState":"42S22"},"sql":"SELECT `id`, `title`, `description`, `priority`, `dueDate`, `status`, `created_at`, `updated_at`, `userId` FROM `tasks` AS `tasks` WHERE `tasks`.`userId` = 16 ORDER BY `tasks`.`dueDate``\"TITLE ASC\"`;","stack":"Error\n    at Query.run (D:\\Mountblue Learning\\task-manager\\node_modules\\.pnpm\\sequelize@6.37.7_mysql2@3.15.1\\node_modules\\sequelize\\lib\\dialects\\mysql\\query.js:52:25)\n    at D:\\Mountblue Learning\\task-manager\\node_modules\\.pnpm\\sequelize@6.37.7_mysql2@3.15.1\\node_modules\\sequelize\\lib\\sequelize.js:315:28\n    at process.processTicksAndRejections (node:internal/process/task_queues:105:5)\n    at async MySQLQueryInterface.select (D:\\Mountblue Learning\\task-manager\\node_modules\\.pnpm\\sequelize@6.37.7_mysql2@3.15.1\\node_modules\\sequelize\\lib\\dialects\\abstract\\query-interface.js:407:12)\n    at async tasks.findAll (D:\\Mountblue Learning\\task-manager\\node_modules\\.pnpm\\sequelize@6.37.7_mysql2@3.15.1\\node_modules\\sequelize\\lib\\model.js:1140:21)\n    at async getTasks (file:///D:/Mountblue%20Learning/task-manager/controllers/task.controller.js:76:19)"}
info: Tasks fetched successfully
info: Tasks fetched successfully
info: Tasks fetched successfully
info: Task fetched by ID: 
info: Task updated with ID: 
info: Task fetched by ID: 
info: Task updated with ID: 
info: Task fetched by ID: 
info: Database connection established
info: Database synced
info: Server running on port 8080
info: Task deleted with ID: 
info: Database connection established
info: Database synced
info: Server running on port 8080
info: Task deleted with ID:  {"id":"18"}
info: Database connection established
info: Database synced
info: Server running on port 8080
error: Task not found for deletion with ID: 
error: Oops error occured:  Task not found {"stack":"Error: Task not found\n    at deleteTask (file:///D:/Mountblue%20Learning/task-manager/controllers/task.controller.js:179:19)\n    at process.processTicksAndRejections (node:internal/process/task_queues:105:5)","statusCode":404}
info: Database connection established
info: Database synced
info: Server running on port 8080
info: Database connection established
info: Database synced
info: Server running on port 8080
info: Database connection established
info: Database synced
info: Server running on port 8080
info: Database connection established
info: Database synced
info: Server running on port 8080
error: Task not found for deletion with ID: 
error: Oops error occured:  Task not found {"stack":"Error: Task not found\n    at deleteTask (file:///D:/Mountblue%20Learning/task-manager/controllers/task.controller.js:179:19)\n    at process.processTicksAndRejections (node:internal/process/task_queues:105:5)","statusCode":404}
info: Database connection established
info: Database synced
info: Server running on port 8080
error: Task not found for deletion with ID: 
error: Oops error occured:  Task not found {"stack":"Error: Task not found\n    at deleteTask (file:///D:/Mountblue%20Learning/task-manager/controllers/task.controller.js:179:19)\n    at process.processTicksAndRejections (node:internal/process/task_queues:105:5)","statusCode":404}
error: Task not found for deletion with ID: 
error: Oops error occured:  Task not found {"stack":"Error: Task not found\n    at deleteTask (file:///D:/Mountblue%20Learning/task-manager/controllers/task.controller.js:179:19)\n    at process.processTicksAndRejections (node:internal/process/task_queues:105:5)","statusCode":404}
info: Task deleted with ID: 
info: Database connection established
info: Database synced
info: Server running on port 8080
error: Task not found for deletion with ID: 
info: Database connection established
info: Database synced
info: Server running on port 8080
info: Database connection established
info: Database synced
info: Server running on port 8080
error: Task not found for deletion with ID: 
error: Oops error occured:  Task not found {"stack":"Error: Task not found\n    at deleteTask (file:///D:/Mountblue%20Learning/task-manager/controllers/task.controller.js:179:19)\n    at process.processTicksAndRejections (node:internal/process/task_queues:105:5)","statusCode":404}
error: Task not found for deletion with ID: 
error: Oops error occured:  Task not found {"stack":"Error: Task not found\n    at deleteTask (file:///D:/Mountblue%20Learning/task-manager/controllers/task.controller.js:179:19)\n    at process.processTicksAndRejections (node:internal/process/task_queues:105:5)","statusCode":404}
error: Task not found for deletion with ID: 
error: Oops error occured:  Task not found {"stack":"Error: Task not found\n    at deleteTask (file:///D:/Mountblue%20Learning/task-manager/controllers/task.controller.js:179:19)\n    at process.processTicksAndRejections (node:internal/process/task_queues:105:5)","statusCode":404}
error: Task not found for deletion with ID: 
error: Oops error occured:  Task not found {"stack":"Error: Task not found\n    at deleteTask (file:///D:/Mountblue%20Learning/task-manager/controllers/task.controller.js:179:19)\n    at process.processTicksAndRejections (node:internal/process/task_queues:105:5)","statusCode":404}
error: Task not found for deletion with ID: 
error: Oops error occured:  Task not found {"stack":"Error: Task not found\n    at deleteTask (file:///D:/Mountblue%20Learning/task-manager/controllers/task.controller.js:179:19)\n    at process.processTicksAndRejections (node:internal/process/task_queues:105:5)","statusCode":404}
error: Task not found for deletion with ID: 
error: Oops error occured:  Task not found {"stack":"Error: Task not found\n    at deleteTask (file:///D:/Mountblue%20Learning/task-manager/controllers/task.controller.js:179:19)\n    at process.processTicksAndRejections (node:internal/process/task_queues:105:5)","statusCode":404}
error: Task not found for deletion with ID: 
error: Oops error occured:  Task not found {"stack":"Error: Task not found\n    at deleteTask (file:///D:/Mountblue%20Learning/task-manager/controllers/task.controller.js:179:19)\n    at process.processTicksAndRejections (node:internal/process/task_queues:105:5)","statusCode":404}
error: Task not found for deletion with ID: 
error: Oops error occured:  Task not found {"stack":"Error: Task not found\n    at deleteTask (file:///D:/Mountblue%20Learning/task-manager/controllers/task.controller.js:179:19)\n    at process.processTicksAndRejections (node:internal/process/task_queues:105:5)","statusCode":404}
error: Task not found for deletion with ID: 
error: Oops error occured:  Task not found {"stack":"Error: Task not found\n    at deleteTask (file:///D:/Mountblue%20Learning/task-manager/controllers/task.controller.js:179:19)\n    at process.processTicksAndRejections (node:internal/process/task_queues:105:5)","statusCode":404}
error: Task not found for deletion with ID: 
error: Oops error occured:  Task not found {"stack":"Error: Task not found\n    at deleteTask (file:///D:/Mountblue%20Learning/task-manager/controllers/task.controller.js:179:19)\n    at process.processTicksAndRejections (node:internal/process/task_queues:105:5)","statusCode":404}
error: Task not found for deletion with ID: 
error: Oops error occured:  Task not found {"stack":"Error: Task not found\n    at deleteTask (file:///D:/Mountblue%20Learning/task-manager/controllers/task.controller.js:179:19)\n    at process.processTicksAndRejections (node:internal/process/task_queues:105:5)","statusCode":404}
error: Task not found for deletion with ID: 
error: Oops error occured:  Task not found {"stack":"Error: Task not found\n    at deleteTask (file:///D:/Mountblue%20Learning/task-manager/controllers/task.controller.js:179:19)\n    at process.processTicksAndRejections (node:internal/process/task_queues:105:5)","statusCode":404}
error: Task not found for deletion with ID: 
error: Oops error occured:  Task not found {"stack":"Error: Task not found\n    at deleteTask (file:///D:/Mountblue%20Learning/task-manager/controllers/task.controller.js:179:19)\n    at process.processTicksAndRejections (node:internal/process/task_queues:105:5)","statusCode":404}
error: Task not found for deletion with ID: 
error: Oops error occured:  Task not found {"stack":"Error: Task not found\n    at deleteTask (file:///D:/Mountblue%20Learning/task-manager/controllers/task.controller.js:179:19)\n    at process.processTicksAndRejections (node:internal/process/task_queues:105:5)","statusCode":404}
error: Task not found for deletion with ID: 
error: Oops error occured:  Task not found {"stack":"Error: Task not found\n    at deleteTask (file:///D:/Mountblue%20Learning/task-manager/controllers/task.controller.js:179:19)\n    at process.processTicksAndRejections (node:internal/process/task_queues:105:5)","statusCode":404}
error: Task not found for deletion with ID: 
error: Oops error occured:  Task not found {"stack":"Error: Task not found\n    at deleteTask (file:///D:/Mountblue%20Learning/task-manager/controllers/task.controller.js:179:19)\n    at process.processTicksAndRejections (node:internal/process/task_queues:105:5)","statusCode":404}
error: Task not found for deletion with ID: 
error: Oops error occured:  Task not found {"stack":"Error: Task not found\n    at deleteTask (file:///D:/Mountblue%20Learning/task-manager/controllers/task.controller.js:179:19)\n    at process.processTicksAndRejections (node:internal/process/task_queues:105:5)","statusCode":404}
error: Task not found for deletion with ID: 
error: Oops error occured:  Task not found {"stack":"Error: Task not found\n    at deleteTask (file:///D:/Mountblue%20Learning/task-manager/controllers/task.controller.js:179:19)\n    at process.processTicksAndRejections (node:internal/process/task_queues:105:5)","statusCode":404}
error: Task not found for deletion with ID: 
error: Oops error occured:  Task not found {"stack":"Error: Task not found\n    at deleteTask (file:///D:/Mountblue%20Learning/task-manager/controllers/task.controller.js:179:19)\n    at process.processTicksAndRejections (node:internal/process/task_queues:105:5)","statusCode":404}
error: Task not found for deletion with ID: 
error: Oops error occured:  Task not found {"stack":"Error: Task not found\n    at deleteTask (file:///D:/Mountblue%20Learning/task-manager/controllers/task.controller.js:179:19)\n    at process.processTicksAndRejections (node:internal/process/task_queues:105:5)","statusCode":404}
error: Task not found for deletion with ID: 
error: Oops error occured:  Task not found {"stack":"Error: Task not found\n    at deleteTask (file:///D:/Mountblue%20Learning/task-manager/controllers/task.controller.js:179:19)\n    at process.processTicksAndRejections (node:internal/process/task_queues:105:5)","statusCode":404}
error: Task not found for deletion with ID: 
error: Oops error occured:  Task not found {"stack":"Error: Task not found\n    at deleteTask (file:///D:/Mountblue%20Learning/task-manager/controllers/task.controller.js:179:19)\n    at process.processTicksAndRejections (node:internal/process/task_queues:105:5)","statusCode":404}
error: Task not found for deletion with ID: 
error: Oops error occured:  Task not found {"stack":"Error: Task not found\n    at deleteTask (file:///D:/Mountblue%20Learning/task-manager/controllers/task.controller.js:179:19)\n    at process.processTicksAndRejections (node:internal/process/task_queues:105:5)","statusCode":404}
error: Task not found for deletion with ID: 
error: Oops error occured:  Task not found {"stack":"Error: Task not found\n    at deleteTask (file:///D:/Mountblue%20Learning/task-manager/controllers/task.controller.js:179:19)\n    at process.processTicksAndRejections (node:internal/process/task_queues:105:5)","statusCode":404}
error: Task not found for deletion with ID: 
error: Oops error occured:  Task not found {"stack":"Error: Task not found\n    at deleteTask (file:///D:/Mountblue%20Learning/task-manager/controllers/task.controller.js:179:19)\n    at process.processTicksAndRejections (node:internal/process/task_queues:105:5)","statusCode":404}
error: Task not found for deletion with ID: 
error: Oops error occured:  Task not found {"stack":"Error: Task not found\n    at deleteTask (file:///D:/Mountblue%20Learning/task-manager/controllers/task.controller.js:179:19)\n    at process.processTicksAndRejections (node:internal/process/task_queues:105:5)","statusCode":404}
error: Task not found for deletion with ID: 
error: Oops error occured:  Task not found {"stack":"Error: Task not found\n    at deleteTask (file:///D:/Mountblue%20Learning/task-manager/controllers/task.controller.js:179:19)\n    at process.processTicksAndRejections (node:internal/process/task_queues:105:5)","statusCode":404}
error: Task not found for deletion with ID: 
error: Oops error occured:  Task not found {"stack":"Error: Task not found\n    at deleteTask (file:///D:/Mountblue%20Learning/task-manager/controllers/task.controller.js:179:19)\n    at process.processTicksAndRejections (node:internal/process/task_queues:105:5)","statusCode":404}
info: Database connection established
info: Database synced
info: Server running on port 8080
error: Task not found for deletion with ID: 
error: Oops error occured:  Task not found {"stack":"Error: Task not found\n    at deleteTask (file:///D:/Mountblue%20Learning/task-manager/controllers/task.controller.js:179:19)\n    at process.processTicksAndRejections (node:internal/process/task_queues:105:5)","statusCode":404}
error: Task not found for deletion with ID: 
error: Oops error occured:  Task not found {"stack":"Error: Task not found\n    at deleteTask (file:///D:/Mountblue%20Learning/task-manager/controllers/task.controller.js:179:19)\n    at process.processTicksAndRejections (node:internal/process/task_queues:105:5)","statusCode":404}
error: Task not found for deletion with ID: 
error: Oops error occured:  Task not found {"stack":"Error: Task not found\n    at deleteTask (file:///D:/Mountblue%20Learning/task-manager/controllers/task.controller.js:179:19)\n    at process.processTicksAndRejections (node:internal/process/task_queues:105:5)","statusCode":404}
error: Task not found for deletion with ID: 
error: Oops error occured:  Task not found {"stack":"Error: Task not found\n    at deleteTask (file:///D:/Mountblue%20Learning/task-manager/controllers/task.controller.js:179:19)\n    at process.processTicksAndRejections (node:internal/process/task_queues:105:5)","statusCode":404}
error: Task not found for deletion with ID: 
error: Oops error occured:  Task not found {"stack":"Error: Task not found\n    at deleteTask (file:///D:/Mountblue%20Learning/task-manager/controllers/task.controller.js:179:19)\n    at process.processTicksAndRejections (node:internal/process/task_queues:105:5)","statusCode":404}
error: Task not found for deletion with ID: 
error: Oops error occured:  Task not found {"stack":"Error: Task not found\n    at deleteTask (file:///D:/Mountblue%20Learning/task-manager/controllers/task.controller.js:179:19)\n    at process.processTicksAndRejections (node:internal/process/task_queues:105:5)","statusCode":404}
error: Task not found for deletion with ID: 
error: Oops error occured:  Task not found {"stack":"Error: Task not found\n    at deleteTask (file:///D:/Mountblue%20Learning/task-manager/controllers/task.controller.js:179:19)\n    at process.processTicksAndRejections (node:internal/process/task_queues:105:5)","statusCode":404}
error: Task not found for deletion with ID: 
error: Oops error occured:  Task not found {"stack":"Error: Task not found\n    at deleteTask (file:///D:/Mountblue%20Learning/task-manager/controllers/task.controller.js:179:19)\n    at process.processTicksAndRejections (node:internal/process/task_queues:105:5)","statusCode":404}
error: Task not found for deletion with ID: 
error: Oops error occured:  Task not found {"stack":"Error: Task not found\n    at deleteTask (file:///D:/Mountblue%20Learning/task-manager/controllers/task.controller.js:179:19)\n    at process.processTicksAndRejections (node:internal/process/task_queues:105:5)","statusCode":404}
error: Task not found for deletion with ID: 
error: Oops error occured:  Task not found {"stack":"Error: Task not found\n    at deleteTask (file:///D:/Mountblue%20Learning/task-manager/controllers/task.controller.js:179:19)\n    at process.processTicksAndRejections (node:internal/process/task_queues:105:5)","statusCode":404}
warn: Rate limit exceeded for IP: 
warn: Rate limit exceeded for IP: 
warn: Rate limit exceeded for IP: 
info: Database connection established
info: Database synced
info: Server running on port 8080
info: Database connection established
info: Database synced
info: Server running on port 8080
info: Database connection established
info: Database synced
info: Server running on port 8080
info: Database connection established
info: Database synced
info: Server running on port 8080
info: Database connection established
info: Database synced
info: Server running on port 8080
info: Database connection established
info: Database synced
info: Server running on port 8080
info: Database connection established
info: Database synced
info: Server running on port 8080
info: Database connection established
info: Database synced
info: Server running on port 8080
info: Database connection established
info: Database synced
info: Server running on port 8080
error: Task not found for deletion with ID: 
error: Oops error occured:  Task not found {"stack":"Error: Task not found\n    at deleteTask (file:///D:/Mountblue%20Learning/task-manager/controllers/task.controller.js:179:19)\n    at process.processTicksAndRejections (node:internal/process/task_queues:105:5)","statusCode":404}
error: Oops error occured:  Route not found - /random {"stack":"Error: Route not found - /random\n    at file:///D:/Mountblue%20Learning/task-manager/server.js:44:17\n    at Layer.handleRequest (D:\\Mountblue Learning\\task-manager\\node_modules\\.pnpm\\router@2.2.0\\node_modules\\router\\lib\\layer.js:152:17)\n    at trimPrefix (D:\\Mountblue Learning\\task-manager\\node_modules\\.pnpm\\router@2.2.0\\node_modules\\router\\index.js:342:13)\n    at D:\\Mountblue Learning\\task-manager\\node_modules\\.pnpm\\router@2.2.0\\node_modules\\router\\index.js:297:9\n    at processParams (D:\\Mountblue Learning\\task-manager\\node_modules\\.pnpm\\router@2.2.0\\node_modules\\router\\index.js:582:12)\n    at next (D:\\Mountblue Learning\\task-manager\\node_modules\\.pnpm\\router@2.2.0\\node_modules\\router\\index.js:291:5)\n    at rateLimiter (file:///D:/Mountblue%20Learning/task-manager/middlewares/rateLimiter.middleware.js:28:3)\n    at Layer.handleRequest (D:\\Mountblue Learning\\task-manager\\node_modules\\.pnpm\\router@2.2.0\\node_modules\\router\\lib\\layer.js:152:17)\n    at trimPrefix (D:\\Mountblue Learning\\task-manager\\node_modules\\.pnpm\\router@2.2.0\\node_modules\\router\\index.js:342:13)\n    at D:\\Mountblue Learning\\task-manager\\node_modules\\.pnpm\\router@2.2.0\\node_modules\\router\\index.js:297:9","statusCode":404}
info: Database connection established
info: Database synced
info: Server running on port 8080
info: Database connection established
info: Database synced
info: Server running on port 8080
info: Database connection established
info: Database synced
info: Server running on port 8080
info: Database connection established
info: Database synced
info: Server running on port 8080
info: Database connection established
info: Database synced
info: Server running on port 8080
error: Route not found - /random
error: Oops error occured:  Route not found - /random {"stack":"Error: Route not found - /random\n    at file:///D:/Mountblue%20Learning/task-manager/server.js:45:17\n    at Layer.handleRequest (D:\\Mountblue Learning\\task-manager\\node_modules\\.pnpm\\router@2.2.0\\node_modules\\router\\lib\\layer.js:152:17)\n    at trimPrefix (D:\\Mountblue Learning\\task-manager\\node_modules\\.pnpm\\router@2.2.0\\node_modules\\router\\index.js:342:13)\n    at D:\\Mountblue Learning\\task-manager\\node_modules\\.pnpm\\router@2.2.0\\node_modules\\router\\index.js:297:9\n    at processParams (D:\\Mountblue Learning\\task-manager\\node_modules\\.pnpm\\router@2.2.0\\node_modules\\router\\index.js:582:12)\n    at next (D:\\Mountblue Learning\\task-manager\\node_modules\\.pnpm\\router@2.2.0\\node_modules\\router\\index.js:291:5)\n    at rateLimiter (file:///D:/Mountblue%20Learning/task-manager/middlewares/rateLimiter.middleware.js:28:3)\n    at Layer.handleRequest (D:\\Mountblue Learning\\task-manager\\node_modules\\.pnpm\\router@2.2.0\\node_modules\\router\\lib\\layer.js:152:17)\n    at trimPrefix (D:\\Mountblue Learning\\task-manager\\node_modules\\.pnpm\\router@2.2.0\\node_modules\\router\\index.js:342:13)\n    at D:\\Mountblue Learning\\task-manager\\node_modules\\.pnpm\\router@2.2.0\\node_modules\\router\\index.js:297:9","statusCode":404}
info: Database connection established
info: Database synced
info: Server running on port 8080
info: Database connection established
info: Database synced
info: Server running on port 8080
info: Database connection established
info: Database synced
info: Server running on port 8080
info: Database connection established
info: Database synced
info: Server running on port 8080
info: Database connection established
info: Database synced
info: Server running on port 8080
error: Route not found - /random
error: Oops error occured:  Route not found - /random {"stack":"Error: Route not found - /random\n    at file:///D:/Mountblue%20Learning/task-manager/server.js:45:17\n    at Layer.handleRequest (D:\\Mountblue Learning\\task-manager\\node_modules\\.pnpm\\router@2.2.0\\node_modules\\router\\lib\\layer.js:152:17)\n    at trimPrefix (D:\\Mountblue Learning\\task-manager\\node_modules\\.pnpm\\router@2.2.0\\node_modules\\router\\index.js:342:13)\n    at D:\\Mountblue Learning\\task-manager\\node_modules\\.pnpm\\router@2.2.0\\node_modules\\router\\index.js:297:9\n    at processParams (D:\\Mountblue Learning\\task-manager\\node_modules\\.pnpm\\router@2.2.0\\node_modules\\router\\index.js:582:12)\n    at next (D:\\Mountblue Learning\\task-manager\\node_modules\\.pnpm\\router@2.2.0\\node_modules\\router\\index.js:291:5)\n    at rateLimiter (file:///D:/Mountblue%20Learning/task-manager/middlewares/rateLimiter.middleware.js:28:3)\n    at Layer.handleRequest (D:\\Mountblue Learning\\task-manager\\node_modules\\.pnpm\\router@2.2.0\\node_modules\\router\\lib\\layer.js:152:17)\n    at trimPrefix (D:\\Mountblue Learning\\task-manager\\node_modules\\.pnpm\\router@2.2.0\\node_modules\\router\\index.js:342:13)\n    at D:\\Mountblue Learning\\task-manager\\node_modules\\.pnpm\\router@2.2.0\\node_modules\\router\\index.js:297:9","statusCode":404}
info: Database connection established
info: Database synced
info: Server running on port 8080
info: Database connection established
info: Database synced
info: Server running on port 8080
error: Route not found - /random
error: Oops error occured:  Route not found - /random {"stack":"Error: Route not found - /random\n    at file:///D:/Mountblue%20Learning/task-manager/server.js:45:17\n    at Layer.handleRequest (D:\\Mountblue Learning\\task-manager\\node_modules\\.pnpm\\router@2.2.0\\node_modules\\router\\lib\\layer.js:152:17)\n    at trimPrefix (D:\\Mountblue Learning\\task-manager\\node_modules\\.pnpm\\router@2.2.0\\node_modules\\router\\index.js:342:13)\n    at D:\\Mountblue Learning\\task-manager\\node_modules\\.pnpm\\router@2.2.0\\node_modules\\router\\index.js:297:9\n    at processParams (D:\\Mountblue Learning\\task-manager\\node_modules\\.pnpm\\router@2.2.0\\node_modules\\router\\index.js:582:12)\n    at next (D:\\Mountblue Learning\\task-manager\\node_modules\\.pnpm\\router@2.2.0\\node_modules\\router\\index.js:291:5)\n    at rateLimiter (file:///D:/Mountblue%20Learning/task-manager/middlewares/rateLimiter.middleware.js:28:3)\n    at Layer.handleRequest (D:\\Mountblue Learning\\task-manager\\node_modules\\.pnpm\\router@2.2.0\\node_modules\\router\\lib\\layer.js:152:17)\n    at trimPrefix (D:\\Mountblue Learning\\task-manager\\node_modules\\.pnpm\\router@2.2.0\\node_modules\\router\\index.js:342:13)\n    at D:\\Mountblue Learning\\task-manager\\node_modules\\.pnpm\\router@2.2.0\\node_modules\\router\\index.js:297:9","statusCode":404}
info: Database connection established
info: Database synced
info: Server running on port 8080
info: Database connection established
info: Database synced
info: Server running on port 8080
info: Database connection established
info: Database synced
info: Server running on port 8080
info: Database connection established
info: Database synced
info: Server running on port 8080
info: Database connection established
info: Database synced
info: Server running on port 8080
info: Database connection established
info: Database synced
info: Server running on port 8080
info: Database connection established
info: Database synced
info: Database connection established
info: Database synced
info: Server running on port 8080
info: Database connection established
info: Database synced
info: Server running on port 8080
info: Database connection established
info: Database synced
info: Server running on port 8080
info: Database connection established
info: Database synced
info: Server running on port 8080
info: Database connection established
info: Database synced
info: Server running on port 8080
info: Database connection established
info: Database synced
info: Server running on port 8080
info: Database connection established
info: Database synced
info: Server running on port 8080
info: Database connection established
info: Database synced
info: Server running on port 8080
info: Database connection established
info: Database synced
info: Server running on port 8080
info: Database connection established
info: Database synced
info: Server running on port 8080
info: Database connection established
info: Database synced
info: Server running on port 8080
info: Database connection established
info: Database synced
info: Server running on port 8080
info: Database connection established
info: Database synced
info: Server running on port 8080
info: Database connection established
info: Database synced
info: Server running on port 8080
info: Database connection established
info: Database synced
info: Server running on port 8080
error: Route not found - /random
error: Route does not exist: 
info: Database connection established
info: Database synced
info: Server running on port 8080
error: Route not found - /random
error: Route does not exist: 
info: Database connection established
info: Database synced
info: Server running on port 8080
info: Database connection established
info: Database synced
info: Server running on port 8080
error: Route not found - /get-profile
error: Route does not exist: 
error: Authorization header missing
error: Authentication error: 
error: Oops error occured:  Authorization header missing {"stack":"Error: Authorization header missing\n    at authenticate (file:///D:/Mountblue%20Learning/task-manager/middlewares/auth.middleware.js:10:17)\n    at Layer.handleRequest (D:\\Mountblue Learning\\task-manager\\node_modules\\.pnpm\\router@2.2.0\\node_modules\\router\\lib\\layer.js:152:17)\n    at next (D:\\Mountblue Learning\\task-manager\\node_modules\\.pnpm\\router@2.2.0\\node_modules\\router\\lib\\route.js:157:13)\n    at Route.dispatch (D:\\Mountblue Learning\\task-manager\\node_modules\\.pnpm\\router@2.2.0\\node_modules\\router\\lib\\route.js:117:3)\n    at handle (D:\\Mountblue Learning\\task-manager\\node_modules\\.pnpm\\router@2.2.0\\node_modules\\router\\index.js:435:11)\n    at Layer.handleRequest (D:\\Mountblue Learning\\task-manager\\node_modules\\.pnpm\\router@2.2.0\\node_modules\\router\\lib\\layer.js:152:17)\n    at D:\\Mountblue Learning\\task-manager\\node_modules\\.pnpm\\router@2.2.0\\node_modules\\router\\index.js:295:15\n    at processParams (D:\\Mountblue Learning\\task-manager\\node_modules\\.pnpm\\router@2.2.0\\node_modules\\router\\index.js:582:12)\n    at next (D:\\Mountblue Learning\\task-manager\\node_modules\\.pnpm\\router@2.2.0\\node_modules\\router\\index.js:291:5)\n    at rateLimiter (file:///D:/Mountblue%20Learning/task-manager/middlewares/rateLimiter.middleware.js:28:3)","statusCode":401}
error: Authorization header missing
error: Authentication error: 
error: Oops error occured:  Authorization header missing {"stack":"Error: Authorization header missing\n    at authenticate (file:///D:/Mountblue%20Learning/task-manager/middlewares/auth.middleware.js:10:17)\n    at Layer.handleRequest (D:\\Mountblue Learning\\task-manager\\node_modules\\.pnpm\\router@2.2.0\\node_modules\\router\\lib\\layer.js:152:17)\n    at next (D:\\Mountblue Learning\\task-manager\\node_modules\\.pnpm\\router@2.2.0\\node_modules\\router\\lib\\route.js:157:13)\n    at Route.dispatch (D:\\Mountblue Learning\\task-manager\\node_modules\\.pnpm\\router@2.2.0\\node_modules\\router\\lib\\route.js:117:3)\n    at handle (D:\\Mountblue Learning\\task-manager\\node_modules\\.pnpm\\router@2.2.0\\node_modules\\router\\index.js:435:11)\n    at Layer.handleRequest (D:\\Mountblue Learning\\task-manager\\node_modules\\.pnpm\\router@2.2.0\\node_modules\\router\\lib\\layer.js:152:17)\n    at D:\\Mountblue Learning\\task-manager\\node_modules\\.pnpm\\router@2.2.0\\node_modules\\router\\index.js:295:15\n    at processParams (D:\\Mountblue Learning\\task-manager\\node_modules\\.pnpm\\router@2.2.0\\node_modules\\router\\index.js:582:12)\n    at next (D:\\Mountblue Learning\\task-manager\\node_modules\\.pnpm\\router@2.2.0\\node_modules\\router\\index.js:291:5)\n    at rateLimiter (file:///D:/Mountblue%20Learning/task-manager/middlewares/rateLimiter.middleware.js:28:3)","statusCode":401}
error: Route not found - /random
error: Route does not exist: 
error: Invalid or expired token
error: Authentication error: 
error: Oops error occured:  Invalid or expired token {"stack":"Error: Invalid or expired token\n    at authenticate (file:///D:/Mountblue%20Learning/task-manager/middlewares/auth.middleware.js:10:17)\n    at Layer.handleRequest (D:\\Mountblue Learning\\task-manager\\node_modules\\.pnpm\\router@2.2.0\\node_modules\\router\\lib\\layer.js:152:17)\n    at next (D:\\Mountblue Learning\\task-manager\\node_modules\\.pnpm\\router@2.2.0\\node_modules\\router\\lib\\route.js:157:13)\n    at Route.dispatch (D:\\Mountblue Learning\\task-manager\\node_modules\\.pnpm\\router@2.2.0\\node_modules\\router\\lib\\route.js:117:3)\n    at handle (D:\\Mountblue Learning\\task-manager\\node_modules\\.pnpm\\router@2.2.0\\node_modules\\router\\index.js:435:11)\n    at Layer.handleRequest (D:\\Mountblue Learning\\task-manager\\node_modules\\.pnpm\\router@2.2.0\\node_modules\\router\\lib\\layer.js:152:17)\n    at D:\\Mountblue Learning\\task-manager\\node_modules\\.pnpm\\router@2.2.0\\node_modules\\router\\index.js:295:15\n    at processParams (D:\\Mountblue Learning\\task-manager\\node_modules\\.pnpm\\router@2.2.0\\node_modules\\router\\index.js:582:12)\n    at next (D:\\Mountblue Learning\\task-manager\\node_modules\\.pnpm\\router@2.2.0\\node_modules\\router\\index.js:291:5)\n    at rateLimiter (file:///D:/Mountblue%20Learning/task-manager/middlewares/rateLimiter.middleware.js:28:3)","statusCode":403}
info: Successfully logged in with email: 
error: Authorization header missing
error: Authentication error: 
error: Oops error occured:  Authorization header missing {"stack":"Error: Authorization header missing\n    at authenticate (file:///D:/Mountblue%20Learning/task-manager/middlewares/auth.middleware.js:10:17)\n    at Layer.handleRequest (D:\\Mountblue Learning\\task-manager\\node_modules\\.pnpm\\router@2.2.0\\node_modules\\router\\lib\\layer.js:152:17)\n    at next (D:\\Mountblue Learning\\task-manager\\node_modules\\.pnpm\\router@2.2.0\\node_modules\\router\\lib\\route.js:157:13)\n    at Route.dispatch (D:\\Mountblue Learning\\task-manager\\node_modules\\.pnpm\\router@2.2.0\\node_modules\\router\\lib\\route.js:117:3)\n    at handle (D:\\Mountblue Learning\\task-manager\\node_modules\\.pnpm\\router@2.2.0\\node_modules\\router\\index.js:435:11)\n    at Layer.handleRequest (D:\\Mountblue Learning\\task-manager\\node_modules\\.pnpm\\router@2.2.0\\node_modules\\router\\lib\\layer.js:152:17)\n    at D:\\Mountblue Learning\\task-manager\\node_modules\\.pnpm\\router@2.2.0\\node_modules\\router\\index.js:295:15\n    at processParams (D:\\Mountblue Learning\\task-manager\\node_modules\\.pnpm\\router@2.2.0\\node_modules\\router\\index.js:582:12)\n    at next (D:\\Mountblue Learning\\task-manager\\node_modules\\.pnpm\\router@2.2.0\\node_modules\\router\\index.js:291:5)\n    at rateLimiter (file:///D:/Mountblue%20Learning/task-manager/middlewares/rateLimiter.middleware.js:28:3)","statusCode":401}
info: Profile data fetched with email: 
error: Route not found - /get-profile
error: Route does not exist: 
info: Profile data fetched with email: 
error: Route not found - /update-profile/16
error: Route does not exist: 
error: Validation Error
info: Database connection established
info: Database synced
info: Server running on port 8080
info: Database connection established
info: Database synced
info: Server running on port 8080
info: Database connection established
info: Database synced
info: Server running on port 8080
info: Database connection established
info: Database synced
info: Server running on port 8080
info: Database connection established
info: Database synced
info: Server running on port 8080
info: Database connection established
info: Database synced
info: Server running on port 8080
info: Database connection established
info: Database synced
info: Server running on port 8080
info: Database connection established
info: Database synced
info: Server running on port 8080
info: Database connection established
info: Database synced
info: Server running on port 8080
info: User Updated input:  {"email":"hamza.ahmad+9@gmail.com","password":{},"username":"hamza09"}
info: Database connection established
info: Database synced
info: Server running on port 8080
info: Database connection established
info: Database synced
info: Server running on port 8080
info: User Updated input: 
info: Database connection established
info: Database synced
info: Server running on port 8080
info: Database connection established
info: Database synced
info: Server running on port 8080
info: Database connection established
info: Database synced
info: Server running on port 8080
info: Database connection established
info: Database synced
info: Server running on port 8080
info: Database connection established
info: Database synced
info: Server running on port 8080
info: Database connection established
info: Database synced
info: Server running on port 8080
info: Database connection established
info: Database synced
info: Server running on port 8080
info: Database connection established
info: Database synced
info: Server running on port 8080
info: User Updated input: 
info: Profile updated for email: 
info: User Updated input: 
info: Profile updated for email: 
info: Profile data fetched with email: 
info: User Updated input: 
info: Profile updated for email: 
error: Route not found - /get-profile/16
error: Route does not exist: 
info: Profile data fetched with email: 
